2020-11-25 16:47:26,460 DEBUG    root            No implementation for release track [GA] for element: [/Users/tzenglearning/Downloads/google-cloud-sdk/lib/surface/lifesciences]
2020-11-25 16:47:26,462 DEBUG    root            No implementation for release track [GA] for element: [/Users/tzenglearning/Downloads/google-cloud-sdk/lib/surface/storage]
2020-11-25 16:47:26,464 DEBUG    root            No implementation for release track [GA] for element: [/Users/tzenglearning/Downloads/google-cloud-sdk/lib/surface/ai]
2020-11-25 16:47:26,465 DEBUG    root            Loaded Command Group: ['gcloud', 'topic']
2020-11-25 16:47:26,469 DEBUG    root            Loaded Command Group: ['gcloud', 'iot']
2020-11-25 16:47:26,490 DEBUG    root            Loaded Command Group: ['gcloud', 'compute']
2020-11-25 16:47:26,494 DEBUG    root            No implementation for release track [GA] for element: [/Users/tzenglearning/Downloads/google-cloud-sdk/lib/surface/remote_build_execution]
2020-11-25 16:47:26,495 DEBUG    root            Loaded Command Group: ['gcloud', 'auth']
2020-11-25 16:47:26,498 DEBUG    root            No implementation for release track [GA] for element: [/Users/tzenglearning/Downloads/google-cloud-sdk/lib/surface/certificate_manager]
2020-11-25 16:47:26,500 DEBUG    root            Loaded Command Group: ['gcloud', 'kms']
2020-11-25 16:47:26,503 DEBUG    root            Loaded Command Group: ['gcloud', 'cloud_shell']
2020-11-25 16:47:26,505 DEBUG    root            No implementation for release track [GA] for element: [/Users/tzenglearning/Downloads/google-cloud-sdk/lib/surface/network_connectivity]
2020-11-25 16:47:26,507 DEBUG    root            No implementation for release track [GA] for element: [/Users/tzenglearning/Downloads/google-cloud-sdk/lib/surface/database_migration]
2020-11-25 16:47:26,508 DEBUG    root            Loaded Command Group: ['gcloud', 'composer']
2020-11-25 16:47:26,511 DEBUG    root            No implementation for release track [GA] for element: [/Users/tzenglearning/Downloads/google-cloud-sdk/lib/surface/bq]
2020-11-25 16:47:26,512 DEBUG    root            Loaded Command Group: ['gcloud', 'sql']
2020-11-25 16:47:26,799 DEBUG    root            No implementation for release track [GA] for element: [/Users/tzenglearning/Downloads/google-cloud-sdk/lib/surface/interactive]
2020-11-25 16:47:26,801 DEBUG    root            Loaded Command Group: ['gcloud', 'secrets']
2020-11-25 16:47:26,803 DEBUG    root            No implementation for release track [GA] for element: [/Users/tzenglearning/Downloads/google-cloud-sdk/lib/surface/metastore]
2020-11-25 16:47:26,805 DEBUG    root            Loaded Command Group: ['gcloud', 'bigtable']
2020-11-25 16:47:26,808 DEBUG    root            No implementation for release track [GA] for element: [/Users/tzenglearning/Downloads/google-cloud-sdk/lib/surface/commerce_procurement]
2020-11-25 16:47:26,811 DEBUG    root            Loaded Command Group: ['gcloud', 'functions']
2020-11-25 16:47:26,817 DEBUG    root            No implementation for release track [GA] for element: [/Users/tzenglearning/Downloads/google-cloud-sdk/lib/surface/runtime_config]
2020-11-25 16:47:26,822 DEBUG    root            Loaded Command Group: ['gcloud', 'projects']
2020-11-25 16:47:26,825 DEBUG    root            No implementation for release track [GA] for element: [/Users/tzenglearning/Downloads/google-cloud-sdk/lib/surface/privateca]
2020-11-25 16:47:26,826 DEBUG    root            Loaded Command Group: ['gcloud', 'artifacts']
2020-11-25 16:47:26,829 DEBUG    root            No implementation for release track [GA] for element: [/Users/tzenglearning/Downloads/google-cloud-sdk/lib/surface/dlp]
2020-11-25 16:47:26,841 DEBUG    root            Loaded Command Group: ['gcloud', 'survey']
2020-11-25 16:47:26,843 DEBUG    root            Loaded Command Group: ['gcloud', 'asset']
2020-11-25 16:47:26,845 DEBUG    root            Loaded Command Group: ['gcloud', 'data_catalog']
2020-11-25 16:47:26,848 DEBUG    root            Loaded Command Group: ['gcloud', 'scc']
2020-11-25 16:47:26,850 DEBUG    root            Loaded Command Group: ['gcloud', 'deployment_manager']
2020-11-25 16:47:26,853 DEBUG    root            Loaded Command Group: ['gcloud', 'meta']
2020-11-25 16:47:26,855 DEBUG    root            Loaded Command Group: ['gcloud', 'scheduler']
2020-11-25 16:47:26,858 DEBUG    root            Loaded Command Group: ['gcloud', 'dataflow']
2020-11-25 16:47:26,860 DEBUG    root            Loaded Command Group: ['gcloud', 'datastore']
2020-11-25 16:47:26,863 DEBUG    root            No implementation for release track [GA] for element: [/Users/tzenglearning/Downloads/google-cloud-sdk/lib/surface/error_reporting]
2020-11-25 16:47:26,865 DEBUG    root            Loaded Command Group: ['gcloud', 'firebase']
2020-11-25 16:47:26,868 DEBUG    root            Loaded Command Group: ['gcloud', 'version']
2020-11-25 16:47:26,870 DEBUG    root            No implementation for release track [GA] for element: [/Users/tzenglearning/Downloads/google-cloud-sdk/lib/surface/kuberun]
2020-11-25 16:47:26,871 DEBUG    root            Loaded Command Group: ['gcloud', 'identity']
2020-11-25 16:47:26,875 DEBUG    root            No implementation for release track [GA] for element: [/Users/tzenglearning/Downloads/google-cloud-sdk/lib/surface/trace]
2020-11-25 16:47:26,876 DEBUG    root            Loaded Command Group: ['gcloud', 'domains']
2020-11-25 16:47:26,878 DEBUG    root            Loaded Command Group: ['gcloud', 'app']
2020-11-25 16:47:26,924 DEBUG    root            No implementation for release track [GA] for element: [/Users/tzenglearning/Downloads/google-cloud-sdk/lib/surface/api_gateway]
2020-11-25 16:47:26,926 DEBUG    root            Loaded Command Group: ['gcloud', 'firestore']
2020-11-25 16:47:26,929 DEBUG    root            Loaded Command Group: ['gcloud', 'resource_manager']
2020-11-25 16:47:26,965 DEBUG    root            Loaded Command Group: ['gcloud', 'container']
2020-11-25 16:47:26,966 DEBUG    root            Loaded Command Group: ['gcloud', 'components']
2020-11-25 16:47:26,969 DEBUG    root            Loaded Command Group: ['gcloud', 'policy_troubleshoot']
2020-11-25 16:47:26,982 DEBUG    root            Loaded Command Group: ['gcloud', 'help']
2020-11-25 16:47:26,984 DEBUG    root            Loaded Command Group: ['gcloud', 'pubsub']
2020-11-25 16:47:26,987 DEBUG    root            No implementation for release track [GA] for element: [/Users/tzenglearning/Downloads/google-cloud-sdk/lib/surface/transcoder]
2020-11-25 16:47:26,988 DEBUG    root            No implementation for release track [GA] for element: [/Users/tzenglearning/Downloads/google-cloud-sdk/lib/surface/workflows]
2020-11-25 16:47:26,990 DEBUG    root            Loaded Command Group: ['gcloud', 'network_management']
2020-11-25 16:47:26,992 DEBUG    root            Loaded Command Group: ['gcloud', 'recommender']
2020-11-25 16:47:26,995 DEBUG    root            No implementation for release track [GA] for element: [/Users/tzenglearning/Downloads/google-cloud-sdk/lib/surface/genomics]
2020-11-25 16:47:26,996 DEBUG    root            No implementation for release track [GA] for element: [/Users/tzenglearning/Downloads/google-cloud-sdk/lib/surface/eventarc]
2020-11-25 16:47:27,009 DEBUG    root            Loaded Command Group: ['gcloud', 'info']
2020-11-25 16:47:27,011 DEBUG    root            Loaded Command Group: ['gcloud', 'monitoring']
2020-11-25 16:47:27,014 DEBUG    root            No implementation for release track [GA] for element: [/Users/tzenglearning/Downloads/google-cloud-sdk/lib/surface/labelmanager]
2020-11-25 16:47:27,016 DEBUG    root            Loaded Command Group: ['gcloud', 'endpoints']
2020-11-25 16:47:27,019 DEBUG    root            Loaded Command Group: ['gcloud', 'logging']
2020-11-25 16:47:27,021 DEBUG    root            No implementation for release track [GA] for element: [/Users/tzenglearning/Downloads/google-cloud-sdk/lib/surface/data_fusion]
2020-11-25 16:47:27,023 DEBUG    root            No implementation for release track [GA] for element: [/Users/tzenglearning/Downloads/google-cloud-sdk/lib/surface/access_approval]
2020-11-25 16:47:27,025 DEBUG    root            Loaded Command Group: ['gcloud', 'access_context_manager']
2020-11-25 16:47:27,027 DEBUG    root            No implementation for release track [GA] for element: [/Users/tzenglearning/Downloads/google-cloud-sdk/lib/surface/network_services]
2020-11-25 16:47:27,034 DEBUG    root            No implementation for release track [GA] for element: [/Users/tzenglearning/Downloads/google-cloud-sdk/lib/surface/code]
2020-11-25 16:47:27,093 DEBUG    root            Loaded Command Group: ['gcloud', 'run']
2020-11-25 16:47:27,098 DEBUG    root            Loaded Command Group: ['gcloud', 'ai_platform']
2020-11-25 16:47:27,101 DEBUG    root            No implementation for release track [GA] for element: [/Users/tzenglearning/Downloads/google-cloud-sdk/lib/surface/recaptcha]
2020-11-25 16:47:27,103 DEBUG    root            Loaded Command Group: ['gcloud', 'healthcare']
2020-11-25 16:47:27,106 DEBUG    root            Loaded Command Group: ['gcloud', 'source']
2020-11-25 16:47:27,111 DEBUG    root            Loaded Command Group: ['gcloud', 'init']
2020-11-25 16:47:27,117 DEBUG    root            No implementation for release track [GA] for element: [/Users/tzenglearning/Downloads/google-cloud-sdk/lib/surface/admin_service_cluster]
2020-11-25 16:47:27,120 DEBUG    root            Loaded Command Group: ['gcloud', 'apigee']
2020-11-25 16:47:27,123 DEBUG    root            No implementation for release track [GA] for element: [/Users/tzenglearning/Downloads/google-cloud-sdk/lib/surface/notebooks]
2020-11-25 16:47:27,125 DEBUG    root            No implementation for release track [GA] for element: [/Users/tzenglearning/Downloads/google-cloud-sdk/lib/surface/web_security_scanner]
2020-11-25 16:47:27,125 DEBUG    root            Loaded Command Group: ['gcloud', 'ml_engine']
2020-11-25 16:47:27,128 DEBUG    root            Loaded Command Group: ['gcloud', 'iap']
2020-11-25 16:47:27,135 DEBUG    root            No implementation for release track [GA] for element: [/Users/tzenglearning/Downloads/google-cloud-sdk/lib/surface/events]
2020-11-25 16:47:27,138 DEBUG    root            Loaded Command Group: ['gcloud', 'config']
2020-11-25 16:47:27,144 DEBUG    root            Loaded Command Group: ['gcloud', 'debug']
2020-11-25 16:47:27,147 DEBUG    root            Loaded Command Group: ['gcloud', 'game']
2020-11-25 16:47:27,150 DEBUG    root            No implementation for release track [GA] for element: [/Users/tzenglearning/Downloads/google-cloud-sdk/lib/surface/vmware]
2020-11-25 16:47:27,152 DEBUG    root            Loaded Command Group: ['gcloud', 'anthos']
2020-11-25 16:47:27,156 DEBUG    root            No implementation for release track [GA] for element: [/Users/tzenglearning/Downloads/google-cloud-sdk/lib/surface/memcache]
2020-11-25 16:47:27,158 DEBUG    root            Loaded Command Group: ['gcloud', 'dataproc']
2020-11-25 16:47:27,161 DEBUG    root            Loaded Command Group: ['gcloud', 'ml']
2020-11-25 16:47:27,164 DEBUG    root            No implementation for release track [GA] for element: [/Users/tzenglearning/Downloads/google-cloud-sdk/lib/surface/network_security]
2020-11-25 16:47:27,166 DEBUG    root            No implementation for release track [GA] for element: [/Users/tzenglearning/Downloads/google-cloud-sdk/lib/surface/org_policies]
2020-11-25 16:47:27,167 DEBUG    root            No implementation for release track [GA] for element: [/Users/tzenglearning/Downloads/google-cloud-sdk/lib/surface/dialogflow]
2020-11-25 16:47:27,169 DEBUG    root            No implementation for release track [GA] for element: [/Users/tzenglearning/Downloads/google-cloud-sdk/lib/surface/service_directory]
2020-11-25 16:47:27,171 DEBUG    root            Loaded Command Group: ['gcloud', 'spanner']
2020-11-25 16:47:27,174 DEBUG    root            Loaded Command Group: ['gcloud', 'dns']
2020-11-25 16:47:27,177 DEBUG    root            No implementation for release track [GA] for element: [/Users/tzenglearning/Downloads/google-cloud-sdk/lib/surface/emulators]
2020-11-25 16:47:27,179 DEBUG    root            Loaded Command Group: ['gcloud', 'redis']
2020-11-25 16:47:27,186 DEBUG    root            Loaded Command Group: ['gcloud', 'feedback']
2020-11-25 16:47:27,189 DEBUG    root            Loaded Command Group: ['gcloud', 'active_directory']
2020-11-25 16:47:27,194 DEBUG    root            Loaded Command Group: ['gcloud', 'builds']
2020-11-25 16:47:27,206 DEBUG    root            Loaded Command Group: ['gcloud', 'docker']
2020-11-25 16:47:27,209 DEBUG    root            No implementation for release track [GA] for element: [/Users/tzenglearning/Downloads/google-cloud-sdk/lib/surface/resource_settings]
2020-11-25 16:47:27,211 DEBUG    root            Loaded Command Group: ['gcloud', 'cheat_sheet']
2020-11-25 16:47:27,213 DEBUG    root            No implementation for release track [GA] for element: [/Users/tzenglearning/Downloads/google-cloud-sdk/lib/surface/assured]
2020-11-25 16:47:27,215 DEBUG    root            Loaded Command Group: ['gcloud', 'tasks']
2020-11-25 16:47:27,217 DEBUG    root            Loaded Command Group: ['gcloud', 'services']
2020-11-25 16:47:27,220 DEBUG    root            Loaded Command Group: ['gcloud', 'iam']
2020-11-25 16:47:27,223 DEBUG    root            No implementation for release track [GA] for element: [/Users/tzenglearning/Downloads/google-cloud-sdk/lib/surface/billing]
2020-11-25 16:47:27,224 DEBUG    root            Loaded Command Group: ['gcloud', 'filestore']
2020-11-25 16:47:27,227 DEBUG    root            Loaded Command Group: ['gcloud', 'organizations']
2020-11-25 16:47:27,229 ERROR    root            (gcloud) Invalid choice: 'authenticate'.
