2020-11-25 16:47:34,309 DEBUG    root            Loaded Command Group: ['gcloud', 'auth']
2020-11-25 16:47:34,316 DEBUG    root            Loaded Command Group: ['gcloud', 'auth', 'list']
2020-11-25 16:47:34,318 DEBUG    root            Running [gcloud.auth.list] with arguments: []
2020-11-25 16:47:34,324 INFO     root            Display format: "    table[title='Credentialed Accounts'](
        status.yesno(yes='*', no=''):label=ACTIVE,
        account
    )"
2020-11-25 16:47:34,324 INFO     ___FILE_ONLY___    Credentialed Accounts
2020-11-25 16:47:34,325 INFO     ___FILE_ONLY___ 

2020-11-25 16:47:34,325 INFO     ___FILE_ONLY___ ACTIVE
2020-11-25 16:47:34,325 INFO     ___FILE_ONLY___   
2020-11-25 16:47:34,325 INFO     ___FILE_ONLY___ ACCOUNT
2020-11-25 16:47:34,325 INFO     ___FILE_ONLY___ 

2020-11-25 16:47:34,325 INFO     ___FILE_ONLY___ *
2020-11-25 16:47:34,325 INFO     ___FILE_ONLY___        
2020-11-25 16:47:34,325 INFO     ___FILE_ONLY___ tzeng@middlebury.edu
2020-11-25 16:47:34,325 INFO     ___FILE_ONLY___ 

2020-11-25 16:47:34,325 INFO     ___FILE_ONLY___ 
To set the active account, run:
    $ gcloud config set account `ACCOUNT`


