2020-12-06 15:13:54,131 DEBUG    root            Loaded Command Group: ['gcloud', 'auth']
2020-12-06 15:13:54,141 DEBUG    root            Loaded Command Group: ['gcloud', 'auth', 'list']
2020-12-06 15:13:54,143 DEBUG    root            Running [gcloud.auth.list] with arguments: []
2020-12-06 15:13:54,204 INFO     root            Display format: "    table[title='Credentialed Accounts'](
        status.yesno(yes='*', no=''):label=ACTIVE,
        account
    )"
2020-12-06 15:13:54,204 INFO     ___FILE_ONLY___    Credentialed Accounts
2020-12-06 15:13:54,205 INFO     ___FILE_ONLY___ 

2020-12-06 15:13:54,205 INFO     ___FILE_ONLY___ ACTIVE
2020-12-06 15:13:54,205 INFO     ___FILE_ONLY___   
2020-12-06 15:13:54,205 INFO     ___FILE_ONLY___ ACCOUNT
2020-12-06 15:13:54,205 INFO     ___FILE_ONLY___ 

2020-12-06 15:13:54,205 INFO     ___FILE_ONLY___ *
2020-12-06 15:13:54,205 INFO     ___FILE_ONLY___        
2020-12-06 15:13:54,205 INFO     ___FILE_ONLY___ tzeng@middlebury.edu
2020-12-06 15:13:54,206 INFO     ___FILE_ONLY___ 

2020-12-06 15:13:54,206 INFO     ___FILE_ONLY___ 
To set the active account, run:
    $ gcloud config set account `ACCOUNT`


2020-12-06 15:13:54,207 DEBUG    root            Checking for updates...
