2020-12-06 15:13:40,708 ERROR    root            (gcloud) Command name argument expected.
2020-12-06 15:13:40,710 DEBUG    root            No implementation for release track [GA] for element: [/Users/tzenglearning/Downloads/google-cloud-sdk/lib/surface/notebooks]
2020-12-06 15:13:40,711 DEBUG    root            Loaded Command Group: ['gcloud', 'ml']
2020-12-06 15:13:40,714 DEBUG    root            No implementation for release track [GA] for element: [/Users/tzenglearning/Downloads/google-cloud-sdk/lib/surface/metastore]
2020-12-06 15:13:40,715 DEBUG    root            No implementation for release track [GA] for element: [/Users/tzenglearning/Downloads/google-cloud-sdk/lib/surface/recaptcha]
2020-12-06 15:13:40,716 DEBUG    root            Loaded Command Group: ['gcloud', 'dns']
2020-12-06 15:13:40,719 DEBUG    root            No implementation for release track [GA] for element: [/Users/tzenglearning/Downloads/google-cloud-sdk/lib/surface/admin_service_cluster]
2020-12-06 15:13:40,754 DEBUG    root            Loaded Command Group: ['gcloud', 'run']
2020-12-06 15:13:40,758 DEBUG    root            Loaded Command Group: ['gcloud', 'config']
2020-12-06 15:13:40,760 DEBUG    root            Loaded Command Group: ['gcloud', 'secrets']
2020-12-06 15:13:40,763 DEBUG    root            No implementation for release track [GA] for element: [/Users/tzenglearning/Downloads/google-cloud-sdk/lib/surface/ai]
2020-12-06 15:13:40,764 DEBUG    root            Loaded Command Group: ['gcloud', 'sql']
2020-12-06 15:13:40,767 DEBUG    root            No implementation for release track [GA] for element: [/Users/tzenglearning/Downloads/google-cloud-sdk/lib/surface/transcoder]
2020-12-06 15:13:40,768 DEBUG    root            Loaded Command Group: ['gcloud', 'dataflow']
2020-12-06 15:13:40,845 DEBUG    root            No implementation for release track [GA] for element: [/Users/tzenglearning/Downloads/google-cloud-sdk/lib/surface/interactive]
2020-12-06 15:13:40,846 DEBUG    root            Loaded Command Group: ['gcloud', 'kms']
2020-12-06 15:13:40,850 DEBUG    root            Loaded Command Group: ['gcloud', 'dataproc']
2020-12-06 15:13:40,853 DEBUG    root            Loaded Command Group: ['gcloud', 'resource_manager']
2020-12-06 15:13:40,859 DEBUG    root            Loaded Command Group: ['gcloud', 'docker']
2020-12-06 15:13:40,865 DEBUG    root            Loaded Command Group: ['gcloud', 'feedback']
2020-12-06 15:13:40,866 DEBUG    root            Loaded Command Group: ['gcloud', 'access_context_manager']
2020-12-06 15:13:40,868 DEBUG    root            Loaded Command Group: ['gcloud', 'network_management']
2020-12-06 15:13:40,870 DEBUG    root            Loaded Command Group: ['gcloud', 'active_directory']
2020-12-06 15:13:40,871 DEBUG    root            Loaded Command Group: ['gcloud', 'components']
2020-12-06 15:13:40,873 DEBUG    root            No implementation for release track [GA] for element: [/Users/tzenglearning/Downloads/google-cloud-sdk/lib/surface/eventarc]
2020-12-06 15:13:40,876 DEBUG    root            Loaded Command Group: ['gcloud', 'help']
2020-12-06 15:13:40,878 DEBUG    root            Loaded Command Group: ['gcloud', 'endpoints']
2020-12-06 15:13:40,880 DEBUG    root            No implementation for release track [GA] for element: [/Users/tzenglearning/Downloads/google-cloud-sdk/lib/surface/dialogflow]
2020-12-06 15:13:40,881 DEBUG    root            No implementation for release track [GA] for element: [/Users/tzenglearning/Downloads/google-cloud-sdk/lib/surface/billing]
2020-12-06 15:13:40,882 DEBUG    root            Loaded Command Group: ['gcloud', 'domains']
2020-12-06 15:13:40,883 DEBUG    root            No implementation for release track [GA] for element: [/Users/tzenglearning/Downloads/google-cloud-sdk/lib/surface/genomics]
2020-12-06 15:13:40,883 DEBUG    root            Loaded Command Group: ['gcloud', 'identity']
2020-12-06 15:13:40,885 DEBUG    root            No implementation for release track [GA] for element: [/Users/tzenglearning/Downloads/google-cloud-sdk/lib/surface/lifesciences]
2020-12-06 15:13:40,885 DEBUG    root            No implementation for release track [GA] for element: [/Users/tzenglearning/Downloads/google-cloud-sdk/lib/surface/remote_build_execution]
2020-12-06 15:13:40,886 DEBUG    root            Loaded Command Group: ['gcloud', 'topic']
2020-12-06 15:13:40,923 DEBUG    root            Loaded Command Group: ['gcloud', 'compute']
2020-12-06 15:13:40,937 DEBUG    root            Loaded Command Group: ['gcloud', 'cloud_shell']
2020-12-06 15:13:40,939 DEBUG    root            No implementation for release track [GA] for element: [/Users/tzenglearning/Downloads/google-cloud-sdk/lib/surface/commerce_procurement]
2020-12-06 15:13:40,940 DEBUG    root            Loaded Command Group: ['gcloud', 'iam']
2020-12-06 15:13:40,942 DEBUG    root            No implementation for release track [GA] for element: [/Users/tzenglearning/Downloads/google-cloud-sdk/lib/surface/trace]
2020-12-06 15:13:40,943 DEBUG    root            No implementation for release track [GA] for element: [/Users/tzenglearning/Downloads/google-cloud-sdk/lib/surface/resource_settings]
2020-12-06 15:13:40,944 DEBUG    root            Loaded Command Group: ['gcloud', 'cheat_sheet']
2020-12-06 15:13:40,945 DEBUG    root            Loaded Command Group: ['gcloud', 'apigee']
2020-12-06 15:13:40,947 DEBUG    root            Loaded Command Group: ['gcloud', 'services']
2020-12-06 15:13:40,949 DEBUG    root            No implementation for release track [GA] for element: [/Users/tzenglearning/Downloads/google-cloud-sdk/lib/surface/kuberun]
2020-12-06 15:13:40,950 DEBUG    root            No implementation for release track [GA] for element: [/Users/tzenglearning/Downloads/google-cloud-sdk/lib/surface/dlp]
2020-12-06 15:13:40,951 DEBUG    root            Loaded Command Group: ['gcloud', 'version']
2020-12-06 15:13:40,952 DEBUG    root            Loaded Command Group: ['gcloud', 'artifacts']
2020-12-06 15:13:40,955 DEBUG    root            No implementation for release track [GA] for element: [/Users/tzenglearning/Downloads/google-cloud-sdk/lib/surface/storage]
2020-12-06 15:13:40,955 DEBUG    root            Loaded Command Group: ['gcloud', 'spanner']
2020-12-06 15:13:40,958 DEBUG    root            No implementation for release track [GA] for element: [/Users/tzenglearning/Downloads/google-cloud-sdk/lib/surface/runtime_config]
2020-12-06 15:13:40,960 DEBUG    root            Loaded Command Group: ['gcloud', 'builds']
2020-12-06 15:13:40,962 DEBUG    root            No implementation for release track [GA] for element: [/Users/tzenglearning/Downloads/google-cloud-sdk/lib/surface/data_fusion]
2020-12-06 15:13:40,962 DEBUG    root            No implementation for release track [GA] for element: [/Users/tzenglearning/Downloads/google-cloud-sdk/lib/surface/certificate_manager]
2020-12-06 15:13:40,963 DEBUG    root            Loaded Command Group: ['gcloud', 'filestore']
2020-12-06 15:13:40,965 DEBUG    root            Loaded Command Group: ['gcloud', 'scc']
2020-12-06 15:13:40,966 DEBUG    root            No implementation for release track [GA] for element: [/Users/tzenglearning/Downloads/google-cloud-sdk/lib/surface/network_connectivity]
2020-12-06 15:13:40,967 DEBUG    root            Loaded Command Group: ['gcloud', 'app']
2020-12-06 15:13:40,970 DEBUG    root            Loaded Command Group: ['gcloud', 'firestore']
2020-12-06 15:13:40,972 DEBUG    root            No implementation for release track [GA] for element: [/Users/tzenglearning/Downloads/google-cloud-sdk/lib/surface/labelmanager]
2020-12-06 15:13:40,973 DEBUG    root            Loaded Command Group: ['gcloud', 'redis']
2020-12-06 15:13:40,974 DEBUG    root            Loaded Command Group: ['gcloud', 'tasks']
2020-12-06 15:13:40,977 DEBUG    root            Loaded Command Group: ['gcloud', 'policy_troubleshoot']
2020-12-06 15:13:40,978 DEBUG    root            No implementation for release track [GA] for element: [/Users/tzenglearning/Downloads/google-cloud-sdk/lib/surface/network_services]
2020-12-06 15:13:40,978 DEBUG    root            No implementation for release track [GA] for element: [/Users/tzenglearning/Downloads/google-cloud-sdk/lib/surface/assured]
2020-12-06 15:13:40,979 DEBUG    root            No implementation for release track [GA] for element: [/Users/tzenglearning/Downloads/google-cloud-sdk/lib/surface/service_directory]
2020-12-06 15:13:40,979 DEBUG    root            No implementation for release track [GA] for element: [/Users/tzenglearning/Downloads/google-cloud-sdk/lib/surface/memcache]
2020-12-06 15:13:40,984 DEBUG    root            Loaded Command Group: ['gcloud', 'survey']
2020-12-06 15:13:40,985 DEBUG    root            Loaded Command Group: ['gcloud', 'scheduler']
2020-12-06 15:13:40,987 DEBUG    root            No implementation for release track [GA] for element: [/Users/tzenglearning/Downloads/google-cloud-sdk/lib/surface/database_migration]
2020-12-06 15:13:40,996 DEBUG    root            Loaded Command Group: ['gcloud', 'init']
2020-12-06 15:13:40,997 DEBUG    root            Loaded Command Group: ['gcloud', 'meta']
2020-12-06 15:13:41,020 DEBUG    root            Loaded Command Group: ['gcloud', 'ai_platform']
2020-12-06 15:13:41,024 DEBUG    root            No implementation for release track [GA] for element: [/Users/tzenglearning/Downloads/google-cloud-sdk/lib/surface/code]
2020-12-06 15:13:41,025 DEBUG    root            Loaded Command Group: ['gcloud', 'auth']
2020-12-06 15:13:41,027 DEBUG    root            Loaded Command Group: ['gcloud', 'recommender']
2020-12-06 15:13:41,029 DEBUG    root            Loaded Command Group: ['gcloud', 'pubsub']
2020-12-06 15:13:41,033 DEBUG    root            Loaded Command Group: ['gcloud', 'functions']
2020-12-06 15:13:41,035 DEBUG    root            No implementation for release track [GA] for element: [/Users/tzenglearning/Downloads/google-cloud-sdk/lib/surface/network_security]
2020-12-06 15:13:41,035 DEBUG    root            No implementation for release track [GA] for element: [/Users/tzenglearning/Downloads/google-cloud-sdk/lib/surface/vmware]
2020-12-06 15:13:41,035 DEBUG    root            Loaded Command Group: ['gcloud', 'ml_engine']
2020-12-06 15:13:41,037 DEBUG    root            Loaded Command Group: ['gcloud', 'game']
2020-12-06 15:13:41,038 DEBUG    root            No implementation for release track [GA] for element: [/Users/tzenglearning/Downloads/google-cloud-sdk/lib/surface/api_gateway]
2020-12-06 15:13:41,039 DEBUG    root            No implementation for release track [GA] for element: [/Users/tzenglearning/Downloads/google-cloud-sdk/lib/surface/emulators]
2020-12-06 15:13:41,040 DEBUG    root            Loaded Command Group: ['gcloud', 'projects']
2020-12-06 15:13:41,042 DEBUG    root            No implementation for release track [GA] for element: [/Users/tzenglearning/Downloads/google-cloud-sdk/lib/surface/web_security_scanner]
2020-12-06 15:13:41,042 DEBUG    root            Loaded Command Group: ['gcloud', 'logging']
2020-12-06 15:13:41,045 DEBUG    root            Loaded Command Group: ['gcloud', 'composer']
2020-12-06 15:13:41,047 DEBUG    root            Loaded Command Group: ['gcloud', 'debug']
2020-12-06 15:13:41,049 DEBUG    root            No implementation for release track [GA] for element: [/Users/tzenglearning/Downloads/google-cloud-sdk/lib/surface/workflows]
2020-12-06 15:13:41,050 DEBUG    root            No implementation for release track [GA] for element: [/Users/tzenglearning/Downloads/google-cloud-sdk/lib/surface/error_reporting]
2020-12-06 15:13:41,050 DEBUG    root            Loaded Command Group: ['gcloud', 'source']
2020-12-06 15:13:41,052 DEBUG    root            Loaded Command Group: ['gcloud', 'healthcare']
2020-12-06 15:13:41,056 DEBUG    root            Loaded Command Group: ['gcloud', 'container']
2020-12-06 15:13:41,059 DEBUG    root            No implementation for release track [GA] for element: [/Users/tzenglearning/Downloads/google-cloud-sdk/lib/surface/bq]
2020-12-06 15:13:41,059 DEBUG    root            Loaded Command Group: ['gcloud', 'data_catalog']
2020-12-06 15:13:41,061 DEBUG    root            No implementation for release track [GA] for element: [/Users/tzenglearning/Downloads/google-cloud-sdk/lib/surface/privateca]
2020-12-06 15:13:41,062 DEBUG    root            Loaded Command Group: ['gcloud', 'datastore']
2020-12-06 15:13:41,064 DEBUG    root            Loaded Command Group: ['gcloud', 'iap']
2020-12-06 15:13:41,065 DEBUG    root            Loaded Command Group: ['gcloud', 'anthos']
2020-12-06 15:13:41,067 DEBUG    root            No implementation for release track [GA] for element: [/Users/tzenglearning/Downloads/google-cloud-sdk/lib/surface/access_approval]
2020-12-06 15:13:41,067 DEBUG    root            Loaded Command Group: ['gcloud', 'monitoring']
2020-12-06 15:13:41,070 DEBUG    root            No implementation for release track [GA] for element: [/Users/tzenglearning/Downloads/google-cloud-sdk/lib/surface/events]
2020-12-06 15:13:41,070 DEBUG    root            Loaded Command Group: ['gcloud', 'firebase']
2020-12-06 15:13:41,072 DEBUG    root            No implementation for release track [GA] for element: [/Users/tzenglearning/Downloads/google-cloud-sdk/lib/surface/org_policies]
2020-12-06 15:13:41,072 DEBUG    root            Loaded Command Group: ['gcloud', 'asset']
2020-12-06 15:13:41,075 DEBUG    root            Loaded Command Group: ['gcloud', 'iot']
2020-12-06 15:13:41,076 DEBUG    root            Loaded Command Group: ['gcloud', 'organizations']
2020-12-06 15:13:41,078 DEBUG    root            Loaded Command Group: ['gcloud', 'deployment_manager']
2020-12-06 15:13:41,080 DEBUG    root            Loaded Command Group: ['gcloud', 'bigtable']
2020-12-06 15:13:41,083 DEBUG    root            Loaded Command Group: ['gcloud', 'info']
