2020-12-06 15:21:09,337 DEBUG    root            Loaded Command Group: ['gcloud', 'debug']
2020-12-06 15:21:09,340 DEBUG    root            Loaded Command Group: ['gcloud', 'iam']
2020-12-06 15:21:09,343 DEBUG    root            Loaded Command Group: ['gcloud', 'secrets']
2020-12-06 15:21:09,345 DEBUG    root            Loaded Command Group: ['gcloud', 'access_context_manager']
2020-12-06 15:21:09,348 DEBUG    root            No implementation for release track [GA] for element: [/Users/tzenglearning/Downloads/google-cloud-sdk/lib/surface/recaptcha]
2020-12-06 15:21:09,369 DEBUG    root            Loaded Command Group: ['gcloud', 'ml_engine']
2020-12-06 15:21:09,371 DEBUG    root            Loaded Command Group: ['gcloud', 'components']
2020-12-06 15:21:09,373 DEBUG    root            No implementation for release track [GA] for element: [/Users/tzenglearning/Downloads/google-cloud-sdk/lib/surface/billing]
2020-12-06 15:21:09,374 DEBUG    root            No implementation for release track [GA] for element: [/Users/tzenglearning/Downloads/google-cloud-sdk/lib/surface/kuberun]
2020-12-06 15:21:09,375 DEBUG    root            Loaded Command Group: ['gcloud', 'iot']
2020-12-06 15:21:09,380 DEBUG    root            No implementation for release track [GA] for element: [/Users/tzenglearning/Downloads/google-cloud-sdk/lib/surface/runtime_config]
2020-12-06 15:21:09,380 DEBUG    root            Loaded Command Group: ['gcloud', 'identity']
2020-12-06 15:21:09,383 DEBUG    root            Loaded Command Group: ['gcloud', 'version']
2020-12-06 15:21:09,384 DEBUG    root            No implementation for release track [GA] for element: [/Users/tzenglearning/Downloads/google-cloud-sdk/lib/surface/genomics]
2020-12-06 15:21:09,385 DEBUG    root            Loaded Command Group: ['gcloud', 'spanner']
2020-12-06 15:21:09,387 DEBUG    root            Loaded Command Group: ['gcloud', 'config']
2020-12-06 15:21:09,390 DEBUG    root            No implementation for release track [GA] for element: [/Users/tzenglearning/Downloads/google-cloud-sdk/lib/surface/remote_build_execution]
2020-12-06 15:21:09,390 DEBUG    root            Loaded Command Group: ['gcloud', 'topic']
2020-12-06 15:21:09,393 DEBUG    root            Loaded Command Group: ['gcloud', 'policy_troubleshoot']
2020-12-06 15:21:09,417 DEBUG    root            Loaded Command Group: ['gcloud', 'run']
2020-12-06 15:21:09,421 DEBUG    root            Loaded Command Group: ['gcloud', 'pubsub']
2020-12-06 15:21:09,423 DEBUG    root            No implementation for release track [GA] for element: [/Users/tzenglearning/Downloads/google-cloud-sdk/lib/surface/dialogflow]
2020-12-06 15:21:09,423 DEBUG    root            Loaded Command Group: ['gcloud', 'dns']
2020-12-06 15:21:09,427 DEBUG    root            No implementation for release track [GA] for element: [/Users/tzenglearning/Downloads/google-cloud-sdk/lib/surface/org_policies]
2020-12-06 15:21:09,427 DEBUG    root            Loaded Command Group: ['gcloud', 'datastore']
2020-12-06 15:21:09,429 DEBUG    root            No implementation for release track [GA] for element: [/Users/tzenglearning/Downloads/google-cloud-sdk/lib/surface/workflows]
2020-12-06 15:21:09,430 DEBUG    root            No implementation for release track [GA] for element: [/Users/tzenglearning/Downloads/google-cloud-sdk/lib/surface/admin_service_cluster]
2020-12-06 15:21:09,430 DEBUG    root            No implementation for release track [GA] for element: [/Users/tzenglearning/Downloads/google-cloud-sdk/lib/surface/vmware]
2020-12-06 15:21:09,431 DEBUG    root            Loaded Command Group: ['gcloud', 'services']
2020-12-06 15:21:09,432 DEBUG    root            Loaded Command Group: ['gcloud', 'endpoints']
2020-12-06 15:21:09,434 DEBUG    root            Loaded Command Group: ['gcloud', 'redis']
2020-12-06 15:21:09,436 DEBUG    root            No implementation for release track [GA] for element: [/Users/tzenglearning/Downloads/google-cloud-sdk/lib/surface/api_gateway]
2020-12-06 15:21:09,436 DEBUG    root            Loaded Command Group: ['gcloud', 'healthcare']
2020-12-06 15:21:09,439 DEBUG    root            Loaded Command Group: ['gcloud', 'apigee']
2020-12-06 15:21:09,440 DEBUG    root            No implementation for release track [GA] for element: [/Users/tzenglearning/Downloads/google-cloud-sdk/lib/surface/memcache]
2020-12-06 15:21:09,441 DEBUG    root            No implementation for release track [GA] for element: [/Users/tzenglearning/Downloads/google-cloud-sdk/lib/surface/trace]
2020-12-06 15:21:09,441 DEBUG    root            Loaded Command Group: ['gcloud', 'logging']
2020-12-06 15:21:09,443 DEBUG    root            No implementation for release track [GA] for element: [/Users/tzenglearning/Downloads/google-cloud-sdk/lib/surface/labelmanager]
2020-12-06 15:21:09,445 DEBUG    root            Loaded Command Group: ['gcloud', 'builds']
2020-12-06 15:21:09,447 DEBUG    root            No implementation for release track [GA] for element: [/Users/tzenglearning/Downloads/google-cloud-sdk/lib/surface/storage]
2020-12-06 15:21:09,452 DEBUG    root            Loaded Command Group: ['gcloud', 'survey']
2020-12-06 15:21:09,483 DEBUG    root            Loaded Command Group: ['gcloud', 'compute']
2020-12-06 15:21:09,486 DEBUG    root            No implementation for release track [GA] for element: [/Users/tzenglearning/Downloads/google-cloud-sdk/lib/surface/eventarc]
2020-12-06 15:21:09,487 DEBUG    root            Loaded Command Group: ['gcloud', 'kms']
2020-12-06 15:21:09,489 DEBUG    root            No implementation for release track [GA] for element: [/Users/tzenglearning/Downloads/google-cloud-sdk/lib/surface/notebooks]
2020-12-06 15:21:09,489 DEBUG    root            No implementation for release track [GA] for element: [/Users/tzenglearning/Downloads/google-cloud-sdk/lib/surface/ai]
2020-12-06 15:21:09,490 DEBUG    root            Loaded Command Group: ['gcloud', 'organizations']
2020-12-06 15:21:09,491 DEBUG    root            Loaded Command Group: ['gcloud', 'firestore']
2020-12-06 15:21:09,493 DEBUG    root            Loaded Command Group: ['gcloud', 'ml']
2020-12-06 15:21:09,496 DEBUG    root            Loaded Command Group: ['gcloud', 'container']
2020-12-06 15:21:09,498 DEBUG    root            Loaded Command Group: ['gcloud', 'domains']
2020-12-06 15:21:09,500 DEBUG    root            Loaded Command Group: ['gcloud', 'iap']
2020-12-06 15:21:09,502 DEBUG    root            Loaded Command Group: ['gcloud', 'functions']
2020-12-06 15:21:09,504 DEBUG    root            Loaded Command Group: ['gcloud', 'asset']
2020-12-06 15:21:09,506 DEBUG    root            Loaded Command Group: ['gcloud', 'composer']
2020-12-06 15:21:09,508 DEBUG    root            Loaded Command Group: ['gcloud', 'meta']
2020-12-06 15:21:09,509 DEBUG    root            No implementation for release track [GA] for element: [/Users/tzenglearning/Downloads/google-cloud-sdk/lib/surface/commerce_procurement]
2020-12-06 15:21:09,510 DEBUG    root            No implementation for release track [GA] for element: [/Users/tzenglearning/Downloads/google-cloud-sdk/lib/surface/resource_settings]
2020-12-06 15:21:09,511 DEBUG    root            Loaded Command Group: ['gcloud', 'bigtable']
2020-12-06 15:21:09,512 DEBUG    root            No implementation for release track [GA] for element: [/Users/tzenglearning/Downloads/google-cloud-sdk/lib/surface/lifesciences]
2020-12-06 15:21:09,512 DEBUG    root            No implementation for release track [GA] for element: [/Users/tzenglearning/Downloads/google-cloud-sdk/lib/surface/network_services]
2020-12-06 15:21:09,513 DEBUG    root            No implementation for release track [GA] for element: [/Users/tzenglearning/Downloads/google-cloud-sdk/lib/surface/dlp]
2020-12-06 15:21:09,513 DEBUG    root            Loaded Command Group: ['gcloud', 'network_management']
2020-12-06 15:21:09,515 DEBUG    root            No implementation for release track [GA] for element: [/Users/tzenglearning/Downloads/google-cloud-sdk/lib/surface/access_approval]
2020-12-06 15:21:09,517 DEBUG    root            No implementation for release track [GA] for element: [/Users/tzenglearning/Downloads/google-cloud-sdk/lib/surface/events]
2020-12-06 15:21:09,517 DEBUG    root            Loaded Command Group: ['gcloud', 'game']
2020-12-06 15:21:09,519 DEBUG    root            No implementation for release track [GA] for element: [/Users/tzenglearning/Downloads/google-cloud-sdk/lib/surface/database_migration]
2020-12-06 15:21:09,520 DEBUG    root            Loaded Command Group: ['gcloud', 'cheat_sheet']
2020-12-06 15:21:09,521 DEBUG    root            Loaded Command Group: ['gcloud', 'firebase']
2020-12-06 15:21:09,523 DEBUG    root            No implementation for release track [GA] for element: [/Users/tzenglearning/Downloads/google-cloud-sdk/lib/surface/network_connectivity]
2020-12-06 15:21:09,523 DEBUG    root            No implementation for release track [GA] for element: [/Users/tzenglearning/Downloads/google-cloud-sdk/lib/surface/network_security]
2020-12-06 15:21:09,528 DEBUG    root            Loaded Command Group: ['gcloud', 'docker']
2020-12-06 15:21:09,529 DEBUG    root            Loaded Command Group: ['gcloud', 'ai_platform']
2020-12-06 15:21:09,530 DEBUG    root            No implementation for release track [GA] for element: [/Users/tzenglearning/Downloads/google-cloud-sdk/lib/surface/metastore]
2020-12-06 15:21:09,531 DEBUG    root            Loaded Command Group: ['gcloud', 'dataproc']
2020-12-06 15:21:09,533 DEBUG    root            Loaded Command Group: ['gcloud', 'resource_manager']
2020-12-06 15:21:09,539 DEBUG    root            Loaded Command Group: ['gcloud', 'help']
2020-12-06 15:21:09,540 DEBUG    root            Loaded Command Group: ['gcloud', 'cloud_shell']
2020-12-06 15:21:09,542 DEBUG    root            Loaded Command Group: ['gcloud', 'filestore']
2020-12-06 15:21:09,544 DEBUG    root            Loaded Command Group: ['gcloud', 'auth']
2020-12-06 15:21:09,546 DEBUG    root            No implementation for release track [GA] for element: [/Users/tzenglearning/Downloads/google-cloud-sdk/lib/surface/transcoder]
2020-12-06 15:21:09,546 DEBUG    root            Loaded Command Group: ['gcloud', 'anthos']
2020-12-06 15:21:09,547 DEBUG    root            Loaded Command Group: ['gcloud', 'sql']
2020-12-06 15:21:09,551 DEBUG    root            No implementation for release track [GA] for element: [/Users/tzenglearning/Downloads/google-cloud-sdk/lib/surface/code]
2020-12-06 15:21:09,551 DEBUG    root            Loaded Command Group: ['gcloud', 'data_catalog']
2020-12-06 15:21:09,553 DEBUG    root            No implementation for release track [GA] for element: [/Users/tzenglearning/Downloads/google-cloud-sdk/lib/surface/privateca]
2020-12-06 15:21:09,553 DEBUG    root            No implementation for release track [GA] for element: [/Users/tzenglearning/Downloads/google-cloud-sdk/lib/surface/emulators]
2020-12-06 15:21:09,562 DEBUG    root            Loaded Command Group: ['gcloud', 'init']
2020-12-06 15:21:09,563 DEBUG    root            No implementation for release track [GA] for element: [/Users/tzenglearning/Downloads/google-cloud-sdk/lib/surface/error_reporting]
2020-12-06 15:21:09,565 DEBUG    root            Loaded Command Group: ['gcloud', 'feedback']
2020-12-06 15:21:09,566 DEBUG    root            Loaded Command Group: ['gcloud', 'app']
2020-12-06 15:21:09,568 DEBUG    root            Loaded Command Group: ['gcloud', 'deployment_manager']
2020-12-06 15:21:09,570 DEBUG    root            Loaded Command Group: ['gcloud', 'scc']
2020-12-06 15:21:09,571 DEBUG    root            No implementation for release track [GA] for element: [/Users/tzenglearning/Downloads/google-cloud-sdk/lib/surface/assured]
2020-12-06 15:21:09,572 DEBUG    root            No implementation for release track [GA] for element: [/Users/tzenglearning/Downloads/google-cloud-sdk/lib/surface/web_security_scanner]
2020-12-06 15:21:09,572 DEBUG    root            Loaded Command Group: ['gcloud', 'dataflow']
2020-12-06 15:21:09,574 DEBUG    root            Loaded Command Group: ['gcloud', 'recommender']
2020-12-06 15:21:09,575 DEBUG    root            Loaded Command Group: ['gcloud', 'scheduler']
2020-12-06 15:21:09,577 DEBUG    root            No implementation for release track [GA] for element: [/Users/tzenglearning/Downloads/google-cloud-sdk/lib/surface/data_fusion]
2020-12-06 15:21:09,577 DEBUG    root            No implementation for release track [GA] for element: [/Users/tzenglearning/Downloads/google-cloud-sdk/lib/surface/bq]
2020-12-06 15:21:09,641 DEBUG    root            No implementation for release track [GA] for element: [/Users/tzenglearning/Downloads/google-cloud-sdk/lib/surface/interactive]
2020-12-06 15:21:09,642 DEBUG    root            Loaded Command Group: ['gcloud', 'monitoring']
2020-12-06 15:21:09,644 DEBUG    root            Loaded Command Group: ['gcloud', 'artifacts']
2020-12-06 15:21:09,645 DEBUG    root            Loaded Command Group: ['gcloud', 'source']
2020-12-06 15:21:09,646 DEBUG    root            Loaded Command Group: ['gcloud', 'projects']
2020-12-06 15:21:09,648 DEBUG    root            No implementation for release track [GA] for element: [/Users/tzenglearning/Downloads/google-cloud-sdk/lib/surface/certificate_manager]
2020-12-06 15:21:09,648 DEBUG    root            No implementation for release track [GA] for element: [/Users/tzenglearning/Downloads/google-cloud-sdk/lib/surface/service_directory]
2020-12-06 15:21:09,649 DEBUG    root            Loaded Command Group: ['gcloud', 'tasks']
2020-12-06 15:21:09,652 DEBUG    root            Loaded Command Group: ['gcloud', 'info']
2020-12-06 15:21:09,653 DEBUG    root            Loaded Command Group: ['gcloud', 'active_directory']
2020-12-06 15:21:09,655 ERROR    root            (gcloud) Invalid choice: 'into'.
