2020-12-06 15:21:13,113 DEBUG    root            Loaded Command Group: ['gcloud', 'info']
2020-12-06 15:21:13,114 DEBUG    root            Running [gcloud.info] with arguments: []
2020-12-06 15:21:13,275 INFO     root            Explicit Display.
2020-12-06 15:21:13,277 INFO     ___FILE_ONLY___ Google Cloud SDK [319.0.0]

Platform: [Mac OS X, x86_64] uname_result(system='Darwin', node='tzenglearnings-MacBook-Pro.local', release='19.6.0', version='Darwin Kernel Version 19.6.0: Sun Jul  5 00:43:10 PDT 2020; root:xnu-6153.141.1~9/RELEASE_X86_64', machine='x86_64')
Locale: (None, 'UTF-8')
Python Version: [3.9.0 (v3.9.0:9cf6752276, Oct  5 2020, 11:29:23)  [Clang 6.0 (clang-600.0.57)]]
Python Location: [/Library/Frameworks/Python.framework/Versions/3.9/bin/python3]
Site Packages: [Disabled]

Installation Root: [/Users/tzenglearning/Downloads/google-cloud-sdk]
Installed Components:
  gsutil: [4.55]
  core: [2020.11.13]
  bq: [2.0.62]
System PATH: [/Users/tzenglearning/Downloads/google-cloud-sdk/bin:/Library/Frameworks/Python.framework/Versions/3.9/bin:/usr/local/bin:/usr/bin:/bin:/usr/sbin:/sbin]
Python PATH: [/Users/tzenglearning/Downloads/google-cloud-sdk/lib/third_party:/Users/tzenglearning/Downloads/google-cloud-sdk/lib:/Library/Frameworks/Python.framework/Versions/3.9/lib/python39.zip:/Library/Frameworks/Python.framework/Versions/3.9/lib/python3.9:/Library/Frameworks/Python.framework/Versions/3.9/lib/python3.9/lib-dynload]
Cloud SDK on PATH: [True]
Kubectl on PATH: [/usr/local/bin/kubectl]

Installation Properties: [/Users/tzenglearning/Downloads/google-cloud-sdk/properties]
User Config Directory: [/Users/tzenglearning/.config/gcloud]
Active Configuration Name: [deployproject]
Active Configuration Path: [/Users/tzenglearning/.config/gcloud/configurations/config_deployproject]

Account: [meme-exchange@memegenerator-293602.iam.gserviceaccount.com]
Project: [memegenerator-293602]

Current Properties:
  [core]
    account: [meme-exchange@memegenerator-293602.iam.gserviceaccount.com]
    disable_usage_reporting: [True]
    project: [memegenerator-293602]

Environmental Proxy Settings:
  type: [http]
  address: [127.0.0.1]
  port: [10080]

Logs Directory: [/Users/tzenglearning/.config/gcloud/logs]
Last Log File: [/Users/tzenglearning/.config/gcloud/logs/2020.12.06/15.21.09.334901.log]

git: [git version 2.24.3 (Apple Git-128)]
ssh: [OpenSSH_8.1p1, LibreSSL 2.7.3]



