2020-12-06 15:20:41,828 DEBUG    root            Loaded Command Group: ['gcloud', 'auth']
2020-12-06 15:20:41,840 DEBUG    root            Loaded Command Group: ['gcloud', 'auth', 'list']
2020-12-06 15:20:41,842 DEBUG    root            Running [gcloud.auth.list] with arguments: []
2020-12-06 15:20:41,850 INFO     root            Display format: "    table[title='Credentialed Accounts'](
        status.yesno(yes='*', no=''):label=ACTIVE,
        account
    )"
2020-12-06 15:20:41,850 INFO     ___FILE_ONLY___                       Credentialed Accounts
2020-12-06 15:20:41,850 INFO     ___FILE_ONLY___ 

2020-12-06 15:20:41,851 INFO     ___FILE_ONLY___ ACTIVE
2020-12-06 15:20:41,851 INFO     ___FILE_ONLY___   
2020-12-06 15:20:41,851 INFO     ___FILE_ONLY___ ACCOUNT
2020-12-06 15:20:41,851 INFO     ___FILE_ONLY___ 

2020-12-06 15:20:41,851 INFO     ___FILE_ONLY___ *
2020-12-06 15:20:41,851 INFO     ___FILE_ONLY___        
2020-12-06 15:20:41,851 INFO     ___FILE_ONLY___ meme-exchange@memegenerator-293602.iam.gserviceaccount.com
2020-12-06 15:20:41,851 INFO     ___FILE_ONLY___ 

2020-12-06 15:20:41,851 INFO     ___FILE_ONLY___         
2020-12-06 15:20:41,851 INFO     ___FILE_ONLY___ tzeng@middlebury.edu
2020-12-06 15:20:41,851 INFO     ___FILE_ONLY___ 

2020-12-06 15:20:41,851 INFO     ___FILE_ONLY___ 
To set the active account, run:
    $ gcloud config set account `ACCOUNT`


